# JRE version: OpenJDK Runtime Environment (11.0.9.1+1) (build 11.0.9.1+1-Ubuntu-0ubuntu1.20.04)
# Java VM: OpenJDK 64-Bit Server VM (11.0.9.1+1-Ubuntu-0ubuntu1.20.04, mixed mode, sharing, tiered, compressed oops, g1 gc, linux-amd64)
Heap:
 garbage-first heap   total 518144K, used 65674K [0x000000060a400000, 0x0000000800000000)
  region size 2048K, 26 young (53248K), 12 survivors (24576K)
 Metaspace       used 26704K, capacity 27484K, committed 27776K, reserved 1073152K
  class space    used 2899K, capacity 3150K, committed 3200K, reserved 1048576K
GC Heap History (8 events):
Event: 0,384 GC heap before
{Heap before GC invocations=0 (full 0):
 garbage-first heap   total 518144K, used 23240K [0x000000060a400000, 0x0000000800000000)
  region size 2048K, 12 young (24576K), 0 survivors (0K)
 Metaspace       used 5295K, capacity 7837K, committed 8064K, reserved 1056768K
  class space    used 612K, capacity 892K, committed 896K, reserved 1048576K
}
Event: 0,401 GC heap after
{Heap after GC invocations=1 (full 0):
 garbage-first heap   total 518144K, used 3775K [0x000000060a400000, 0x0000000800000000)
  region size 2048K, 2 young (4096K), 2 survivors (4096K)
 Metaspace       used 5295K, capacity 7837K, committed 8064K, reserved 1056768K
  class space    used 612K, capacity 892K, committed 896K, reserved 1048576K
}
Event: 1,745 GC heap before
{Heap before GC invocations=1 (full 0):
 garbage-first heap   total 518144K, used 171711K [0x000000060a400000, 0x0000000800000000)
  region size 2048K, 84 young (172032K), 2 survivors (4096K)
 Metaspace       used 15657K, capacity 16992K, committed 17408K, reserved 1064960K
  class space    used 1681K, capacity 1924K, committed 2048K, reserved 1048576K
}
Event: 1,754 GC heap after
{Heap after GC invocations=2 (full 0):
 garbage-first heap   total 518144K, used 13299K [0x000000060a400000, 0x0000000800000000)
  region size 2048K, 7 young (14336K), 7 survivors (14336K)
 Metaspace       used 15657K, capacity 16992K, committed 17408K, reserved 1064960K
  class space    used 1681K, capacity 1924K, committed 2048K, reserved 1048576K
}
Event: 1,923 GC heap before
{Heap before GC invocations=2 (full 0):
 garbage-first heap   total 518144K, used 31731K [0x000000060a400000, 0x0000000800000000)
  region size 2048K, 17 young (34816K), 7 survivors (14336K)
 Metaspace       used 19895K, capacity 21010K, committed 21248K, reserved 1069056K
  class space    used 2238K, capacity 2456K, committed 2560K, reserved 1048576K
}
Event: 1,946 GC heap after
{Heap after GC invocations=3 (full 0):
 garbage-first heap   total 518144K, used 14951K [0x000000060a400000, 0x0000000800000000)
  region size 2048K, 6 young (12288K), 6 survivors (12288K)
 Metaspace       used 19895K, capacity 21010K, committed 21248K, reserved 1069056K
  class space    used 2238K, capacity 2456K, committed 2560K, reserved 1048576K
}
Event: 3,031 GC heap before
{Heap before GC invocations=4 (full 0):
 garbage-first heap   total 518144K, used 195175K [0x000000060a400000, 0x0000000800000000)
  region size 2048K, 94 young (192512K), 6 survivors (12288K)
 Metaspace       used 26651K, capacity 27466K, committed 27776K, reserved 1073152K
  class space    used 2896K, capacity 3144K, committed 3200K, reserved 1048576K
}
Event: 3,048 GC heap after
{Heap after GC invocations=5 (full 0):
 garbage-first heap   total 518144K, used 39050K [0x000000060a400000, 0x0000000800000000)
  region size 2048K, 12 young (24576K), 12 survivors (24576K)
 Metaspace       used 26651K, capacity 27466K, committed 27776K, reserved 1073152K
  class space    used 2896K, capacity 3144K, committed 3200K, reserved 1048576K
}

